<?xml version="1.0" encoding="UTF-8"?>
<coverage generated="1540872318">
  <project timestamp="1540872318">
    <package name="Spatie\GoogleCalendar">
      <file name="/home/nguyenxuancuong/Sites/laravel-google-calendar/src/Event.php">
        <class name="Spatie\GoogleCalendar\Event" namespace="Spatie\GoogleCalendar">
          <metrics complexity="36" methods="19" coveredmethods="5" conditionals="0" coveredconditionals="0" statements="74" coveredstatements="35" elements="93" coveredelements="40"/>
        </class>
        <line num="22" type="method" name="__construct" visibility="public" complexity="1" crap="1" count="8"/>
        <line num="24" type="stmt" count="8"/>
        <line num="25" type="stmt" count="8"/>
        <line num="26" type="stmt" count="8"/>
        <line num="34" type="method" name="createFromGoogleCalendarEvent" visibility="public" complexity="1" crap="2" count="0"/>
        <line num="36" type="stmt" count="0"/>
        <line num="38" type="stmt" count="0"/>
        <line num="39" type="stmt" count="0"/>
        <line num="41" type="stmt" count="0"/>
        <line num="50" type="method" name="create" visibility="public" complexity="2" crap="6" count="0"/>
        <line num="52" type="stmt" count="0"/>
        <line num="54" type="stmt" count="0"/>
        <line num="56" type="stmt" count="0"/>
        <line num="57" type="stmt" count="0"/>
        <line num="60" type="stmt" count="0"/>
        <line num="63" type="method" name="get" visibility="public" complexity="2" crap="6" count="0"/>
        <line num="65" type="stmt" count="0"/>
        <line num="67" type="stmt" count="0"/>
        <line num="69" type="stmt" count="0"/>
        <line num="71" type="stmt" count="0"/>
        <line num="72" type="method" name="anonymousFunction:72#361" complexity="1" crap="2" count="0"/>
        <line num="73" type="stmt" count="0"/>
        <line num="74" type="stmt" count="0"/>
        <line num="75" type="method" name="anonymousFunction:75#396" complexity="2" crap="6" count="0"/>
        <line num="76" type="stmt" count="0"/>
        <line num="77" type="stmt" count="0"/>
        <line num="80" type="stmt" count="0"/>
        <line num="81" type="stmt" count="0"/>
        <line num="82" type="stmt" count="0"/>
        <line num="85" type="method" name="find" visibility="public" complexity="1" crap="2" count="0"/>
        <line num="87" type="stmt" count="0"/>
        <line num="89" type="stmt" count="0"/>
        <line num="91" type="stmt" count="0"/>
        <line num="94" type="method" name="__get" visibility="public" complexity="6" crap="6.05" count="2"/>
        <line num="96" type="stmt" count="2"/>
        <line num="98" type="stmt" count="2"/>
        <line num="99" type="stmt" count="0"/>
        <line num="102" type="stmt" count="2"/>
        <line num="104" type="stmt" count="2"/>
        <line num="105" type="stmt" count="1"/>
        <line num="108" type="stmt" count="2"/>
        <line num="109" type="stmt" count="1"/>
        <line num="112" type="stmt" count="2"/>
        <line num="115" type="method" name="__set" visibility="public" complexity="2" crap="2" count="8"/>
        <line num="117" type="stmt" count="8"/>
        <line num="119" type="stmt" count="8"/>
        <line num="120" type="stmt" count="6"/>
        <line num="122" type="stmt" count="6"/>
        <line num="125" type="stmt" count="2"/>
        <line num="126" type="stmt" count="2"/>
        <line num="128" type="method" name="exists" visibility="public" complexity="1" crap="2" count="0"/>
        <line num="130" type="stmt" count="0"/>
        <line num="133" type="method" name="isAllDayEvent" visibility="public" complexity="1" crap="1" count="1"/>
        <line num="135" type="stmt" count="1"/>
        <line num="138" type="method" name="save" visibility="public" complexity="2" crap="6" count="0"/>
        <line num="140" type="stmt" count="0"/>
        <line num="142" type="stmt" count="0"/>
        <line num="144" type="stmt" count="0"/>
        <line num="146" type="stmt" count="0"/>
        <line num="148" type="stmt" count="0"/>
        <line num="151" type="method" name="update" visibility="public" complexity="2" crap="6" count="0"/>
        <line num="153" type="stmt" count="0"/>
        <line num="154" type="stmt" count="0"/>
        <line num="157" type="stmt" count="0"/>
        <line num="160" type="method" name="delete" visibility="public" complexity="1" crap="2" count="0"/>
        <line num="162" type="stmt" count="0"/>
        <line num="163" type="stmt" count="0"/>
        <line num="165" type="method" name="addAttendee" visibility="public" complexity="1" crap="2" count="0"/>
        <line num="167" type="stmt" count="0"/>
        <line num="168" type="stmt" count="0"/>
        <line num="170" type="method" name="getSortDate" visibility="public" complexity="3" crap="3.07" count="1"/>
        <line num="172" type="stmt" count="1"/>
        <line num="173" type="stmt" count="0"/>
        <line num="176" type="stmt" count="1"/>
        <line num="177" type="stmt" count="1"/>
        <line num="180" type="stmt" count="1"/>
        <line num="183" type="method" name="getGoogleCalendar" visibility="protected" complexity="1" crap="2" count="0"/>
        <line num="185" type="stmt" count="0"/>
        <line num="187" type="stmt" count="0"/>
        <line num="190" type="method" name="setDateProperty" visibility="protected" complexity="5" crap="5" count="6"/>
        <line num="192" type="stmt" count="6"/>
        <line num="194" type="stmt" count="6"/>
        <line num="195" type="stmt" count="3"/>
        <line num="196" type="stmt" count="3"/>
        <line num="199" type="stmt" count="6"/>
        <line num="200" type="stmt" count="4"/>
        <line num="201" type="stmt" count="4"/>
        <line num="204" type="stmt" count="6"/>
        <line num="205" type="stmt" count="4"/>
        <line num="208" type="stmt" count="6"/>
        <line num="209" type="stmt" count="2"/>
        <line num="211" type="stmt" count="6"/>
        <line num="213" type="method" name="getFieldName" visibility="protected" complexity="1" crap="1" count="8"/>
        <line num="222" type="stmt" count="8"/>
        <metrics loc="224" ncloc="209" classes="1" methods="19" coveredmethods="5" conditionals="0" coveredconditionals="0" statements="75" coveredstatements="35" elements="94" coveredelements="40"/>
      </file>
      <file name="/home/nguyenxuancuong/Sites/laravel-google-calendar/src/GoogleCalendar.php">
        <class name="Spatie\GoogleCalendar\GoogleCalendar" namespace="Spatie\GoogleCalendar">
          <metrics complexity="13" methods="8" coveredmethods="2" conditionals="0" coveredconditionals="0" statements="28" coveredstatements="4" elements="36" coveredelements="6"/>
        </class>
        <line num="18" type="method" name="__construct" visibility="public" complexity="1" crap="1" count="1"/>
        <line num="20" type="stmt" count="1"/>
        <line num="22" type="stmt" count="1"/>
        <line num="23" type="stmt" count="1"/>
        <line num="25" type="method" name="getCalendarId" visibility="public" complexity="1" crap="1" count="1"/>
        <line num="27" type="stmt" count="1"/>
        <line num="33" type="method" name="listEvents" visibility="public" complexity="3" crap="12" count="0"/>
        <line num="36" type="stmt" count="0"/>
        <line num="40" type="stmt" count="0"/>
        <line num="41" type="stmt" count="0"/>
        <line num="44" type="stmt" count="0"/>
        <line num="46" type="stmt" count="0"/>
        <line num="47" type="stmt" count="0"/>
        <line num="49" type="stmt" count="0"/>
        <line num="51" type="stmt" count="0"/>
        <line num="54" type="stmt" count="0"/>
        <line num="55" type="stmt" count="0"/>
        <line num="56" type="stmt" count="0"/>
        <line num="57" type="stmt" count="0"/>
        <line num="60" type="method" name="getEvent" visibility="public" complexity="1" crap="2" count="0"/>
        <line num="62" type="stmt" count="0"/>
        <line num="68" type="method" name="insertEvent" visibility="public" complexity="2" crap="6" count="0"/>
        <line num="70" type="stmt" count="0"/>
        <line num="71" type="stmt" count="0"/>
        <line num="74" type="stmt" count="0"/>
        <line num="77" type="method" name="updateEvent" visibility="public" complexity="2" crap="6" count="0"/>
        <line num="79" type="stmt" count="0"/>
        <line num="80" type="stmt" count="0"/>
        <line num="83" type="stmt" count="0"/>
        <line num="86" type="method" name="deleteEvent" visibility="public" complexity="2" crap="6" count="0"/>
        <line num="88" type="stmt" count="0"/>
        <line num="89" type="stmt" count="0"/>
        <line num="92" type="stmt" count="0"/>
        <line num="93" type="stmt" count="0"/>
        <line num="95" type="method" name="getService" visibility="public" complexity="1" crap="2" count="0"/>
        <line num="97" type="stmt" count="0"/>
        <metrics loc="99" ncloc="91" classes="1" methods="8" coveredmethods="2" conditionals="0" coveredconditionals="0" statements="28" coveredstatements="4" elements="36" coveredelements="6"/>
      </file>
      <file name="/home/nguyenxuancuong/Sites/laravel-google-calendar/src/GoogleCalendarFacade.php">
        <class name="Spatie\GoogleCalendar\GoogleCalendarFacade" namespace="Spatie\GoogleCalendar">
          <metrics complexity="1" methods="1" coveredmethods="0" conditionals="0" coveredconditionals="0" statements="3" coveredstatements="0" elements="4" coveredelements="0"/>
        </class>
        <line num="9" type="method" name="getFacadeAccessor" visibility="protected" complexity="1" crap="2" count="0"/>
        <line num="10" type="stmt" count="0"/>
        <line num="11" type="stmt" count="0"/>
        <line num="12" type="stmt" count="0"/>
        <metrics loc="13" ncloc="13" classes="1" methods="1" coveredmethods="0" conditionals="0" coveredconditionals="0" statements="3" coveredstatements="0" elements="4" coveredelements="0"/>
      </file>
      <file name="/home/nguyenxuancuong/Sites/laravel-google-calendar/src/GoogleCalendarFactory.php">
        <class name="Spatie\GoogleCalendar\GoogleCalendarFactory" namespace="Spatie\GoogleCalendar">
          <metrics complexity="3" methods="3" coveredmethods="0" conditionals="0" coveredconditionals="0" statements="17" coveredstatements="0" elements="20" coveredelements="0"/>
        </class>
        <line num="10" type="method" name="createForCalendarId" visibility="public" complexity="1" crap="2" count="0"/>
        <line num="11" type="stmt" count="0"/>
        <line num="12" type="stmt" count="0"/>
        <line num="14" type="stmt" count="0"/>
        <line num="16" type="stmt" count="0"/>
        <line num="18" type="stmt" count="0"/>
        <line num="19" type="stmt" count="0"/>
        <line num="21" type="method" name="createAuthenticatedGoogleClient" visibility="public" complexity="1" crap="2" count="0"/>
        <line num="22" type="stmt" count="0"/>
        <line num="23" type="stmt" count="0"/>
        <line num="25" type="stmt" count="0"/>
        <line num="26" type="stmt" count="0"/>
        <line num="27" type="stmt" count="0"/>
        <line num="29" type="stmt" count="0"/>
        <line num="31" type="stmt" count="0"/>
        <line num="32" type="stmt" count="0"/>
        <line num="34" type="method" name="createCalendarClient" visibility="protected" complexity="1" crap="2" count="0"/>
        <line num="35" type="stmt" count="0"/>
        <line num="36" type="stmt" count="0"/>
        <line num="37" type="stmt" count="0"/>
        <metrics loc="38" ncloc="38" classes="1" methods="3" coveredmethods="0" conditionals="0" coveredconditionals="0" statements="17" coveredstatements="0" elements="20" coveredelements="0"/>
      </file>
      <file name="/home/nguyenxuancuong/Sites/laravel-google-calendar/src/GoogleCalendarServiceProvider.php">
        <class name="Spatie\GoogleCalendar\GoogleCalendarServiceProvider" namespace="Spatie\GoogleCalendar">
          <metrics complexity="6" methods="4" coveredmethods="2" conditionals="0" coveredconditionals="0" statements="14" coveredstatements="6" elements="18" coveredelements="8"/>
        </class>
        <line num="10" type="method" name="boot" visibility="public" complexity="1" crap="1" count="8"/>
        <line num="12" type="stmt" count="8"/>
        <line num="13" type="stmt" count="8"/>
        <line num="14" type="stmt" count="8"/>
        <line num="15" type="stmt" count="8"/>
        <line num="17" type="method" name="register" visibility="public" complexity="1" crap="1" count="8"/>
        <line num="19" type="stmt" count="8"/>
        <line num="21" type="method" name="anonymousFunction:21#110" complexity="1" crap="1.42" count="8"/>
        <line num="22" type="stmt" count="0"/>
        <line num="24" type="stmt" count="0"/>
        <line num="26" type="stmt" count="0"/>
        <line num="27" type="stmt" count="8"/>
        <line num="29" type="stmt" count="8"/>
        <line num="30" type="stmt" count="8"/>
        <line num="32" type="method" name="guardAgainstInvalidConfiguration" visibility="protected" complexity="3" crap="12" count="0"/>
        <line num="34" type="stmt" count="0"/>
        <line num="35" type="stmt" count="0"/>
        <line num="38" type="stmt" count="0"/>
        <line num="39" type="stmt" count="0"/>
        <line num="41" type="stmt" count="0"/>
        <metrics loc="42" ncloc="42" classes="1" methods="4" coveredmethods="2" conditionals="0" coveredconditionals="0" statements="16" coveredstatements="8" elements="20" coveredelements="10"/>
      </file>
    </package>
    <package name="Spatie\GoogleCalendar\Exceptions">
      <file name="/home/nguyenxuancuong/Sites/laravel-google-calendar/src/Exceptions/InvalidConfiguration.php">
        <class name="Spatie\GoogleCalendar\Exceptions\InvalidConfiguration" namespace="Spatie\GoogleCalendar\Exceptions">
          <metrics complexity="2" methods="2" coveredmethods="0" conditionals="0" coveredconditionals="0" statements="6" coveredstatements="0" elements="8" coveredelements="0"/>
        </class>
        <line num="9" type="method" name="calendarIdNotSpecified" visibility="public" complexity="1" crap="2" count="0"/>
        <line num="10" type="stmt" count="0"/>
        <line num="11" type="stmt" count="0"/>
        <line num="12" type="stmt" count="0"/>
        <line num="14" type="method" name="credentialsJsonDoesNotExist" visibility="public" complexity="1" crap="2" count="0"/>
        <line num="15" type="stmt" count="0"/>
        <line num="16" type="stmt" count="0"/>
        <line num="17" type="stmt" count="0"/>
        <metrics loc="18" ncloc="18" classes="1" methods="2" coveredmethods="0" conditionals="0" coveredconditionals="0" statements="6" coveredstatements="0" elements="8" coveredelements="0"/>
      </file>
    </package>
    <metrics files="6" loc="434" ncloc="411" classes="6" methods="37" coveredmethods="9" conditionals="0" coveredconditionals="0" statements="145" coveredstatements="47" elements="182" coveredelements="56"/>
  </project>
</coverage>
